<?xml version="1.0" encoding="UTF-8"?>
<!-- Generated by org.testng.reporters.JUnitReportReporter -->
<testsuite hostname="ksaddala" name="com.qa.auto.tests.HomePageBeforeLoginTest" tests="3" failures="0" timestamp="20 Feb 2018 17:27:07 GMT" time="349.281" errors="0">
  <testcase name="verifyLogoDisplay" time="74.511" classname="com.qa.auto.tests.HomePageBeforeLoginTest"/>
  <testcase name="clickSignin" time="180.108" classname="com.qa.auto.tests.HomePageBeforeLoginTest"/>
  <testcase name="verifyTitle" time="94.662" classname="com.qa.auto.tests.HomePageBeforeLoginTest"/>
</testsuite> <!-- com.qa.auto.tests.HomePageBeforeLoginTest -->
