<?xml version="1.0" encoding="UTF-8"?>
<!-- Generated by org.testng.reporters.JUnitReportReporter -->
<testsuite hostname="ksaddala" name="com.qa.auto.tests.HomePageBeforeLoginTest" tests="3" failures="0" timestamp="20 Feb 2018 13:14:21 GMT" time="211.921" errors="0">
  <testcase name="clickSignin" time="191.663" classname="com.qa.auto.tests.HomePageBeforeLoginTest"/>
  <testcase name="verifyLogoDisplay" time="9.492" classname="com.qa.auto.tests.HomePageBeforeLoginTest"/>
  <testcase name="verifyTitle" time="10.766" classname="com.qa.auto.tests.HomePageBeforeLoginTest"/>
</testsuite> <!-- com.qa.auto.tests.HomePageBeforeLoginTest -->
